<?xml version="1.0" encoding="UTF-8"?>
<!-- Generated by org.testng.reporters.JUnitReportReporter -->
<testsuite hostname="BOOK-NV4SIBD4NN" failures="0" tests="1" name="ny.loop.collection.CoddingChallange" time="0.013" errors="0" timestamp="08 Jan 2024 23:28:25 GMT" skipped="0">
  <testcase classname="ny.loop.collection.CoddingChallange" name="getDuplicateElement" time="0.013"/>
</testsuite> <!-- ny.loop.collection.CoddingChallange -->
