<?xml version="1.0" encoding="UTF-8"?>
<!-- Generated by org.testng.reporters.JUnitReportReporter -->
<testsuite hostname="BOOK-NV4SIBD4NN" failures="0" tests="2" name="com.testng.test.DataProbiderTest" time="0.014" errors="0" timestamp="2024-01-18T19:42:48 EST" skipped="0">
  <testcase classname="com.testng.test.DataProbiderTest" name="myData" time="0.008"/>
  <testcase classname="com.testng.test.DataProbiderTest" name="myData" time="0.006"/>
</testsuite> <!-- com.testng.test.DataProbiderTest -->
