<?xml version="1.0" encoding="UTF-8"?>
<!-- Generated by org.testng.reporters.JUnitReportReporter -->
<testsuite hostname="BOOK-NV4SIBD4NN" failures="0" tests="1" name="ny.loop.collection.Duplicate_FindOut" time="0.009" errors="0" timestamp="09 Jan 2024 02:29:30 GMT" skipped="0">
  <testcase classname="ny.loop.collection.Duplicate_FindOut" name="getDuplicateElement" time="0.009"/>
</testsuite> <!-- ny.loop.collection.Duplicate_FindOut -->
