<?xml version="1.0" encoding="UTF-8"?>
<!-- Generated by org.testng.reporters.JUnitReportReporter -->
<testsuite hostname="BOOK-NV4SIBD4NN" failures="0" tests="2" name="com.testng.test.TestNGDesine" time="0.038" errors="0" timestamp="2024-01-18T19:48:41 EST" skipped="0">
  <testcase classname="com.testng.test.TestNGDesine" name="runTestCasesOne" time="0.030"/>
  <testcase classname="com.testng.test.TestNGDesine" name="runTestCasesTwo" time="0.008"/>
</testsuite> <!-- com.testng.test.TestNGDesine -->
