<?xml version="1.0" encoding="UTF-8"?>
<!-- Generated by org.testng.reporters.JUnitReportReporter -->
<testsuite hostname="BOOK-NV4SIBD4NN" failures="0" tests="5" name="com.testng.test.HowToPriotyTheTest" time="0.018" errors="0" timestamp="2024-01-18T19:43:34 EST" skipped="0">
  <testcase classname="com.testng.test.HowToPriotyTheTest" name="getRun5" time="0.010"/>
  <testcase classname="com.testng.test.HowToPriotyTheTest" name="getRun1" time="0.002"/>
  <testcase classname="com.testng.test.HowToPriotyTheTest" name="getRun2" time="0.001"/>
  <testcase classname="com.testng.test.HowToPriotyTheTest" name="getRun3" time="0.001"/>
  <testcase classname="com.testng.test.HowToPriotyTheTest" name="getRun4" time="0.004"/>
</testsuite> <!-- com.testng.test.HowToPriotyTheTest -->
