<?xml version="1.0" encoding="UTF-8"?>
<!-- Generated by org.testng.reporters.JUnitReportReporter -->
<testsuite hostname="BOOK-NV4SIBD4NN" failures="0" tests="4" name="com.testng.test.ParallaleTesting" time="7.631" errors="0" timestamp="2024-01-19T20:03:21 EST" skipped="0">
  <testcase classname="com.testng.test.ParallaleTesting" name="getTest2" time="1.685"/>
  <testcase classname="com.testng.test.ParallaleTesting" name="sameTestRunMultpleBrowser" time="2.599"/>
  <testcase classname="com.testng.test.ParallaleTesting" name="getTest3" time="1.625"/>
  <testcase classname="com.testng.test.ParallaleTesting" name="getTest1" time="1.722"/>
</testsuite> <!-- com.testng.test.ParallaleTesting -->
